<?xml version="1.0" encoding="UTF-8"?>
<!-- Generated by org.testng.reporters.JUnitXMLReporter -->
<testsuite hostname="LAPTOP-13LQO7QE" ignored="0" name="DataProvider Test" tests="3" failures="0" timestamp="2020-06-17T10:17:20 IST" time="0.091" errors="0">
  <testcase name="AddUser" time="0.01" classname="testnglearning_youtubechannel.DataProvider_Basic_Concept"/>
  <testcase name="AddUser" time="0.001" classname="testnglearning_youtubechannel.DataProvider_Basic_Concept"/>
  <testcase name="AddUser" time="0.001" classname="testnglearning_youtubechannel.DataProvider_Basic_Concept"/>
</testsuite> <!-- DataProvider Test -->
