<?xml version="1.0" encoding="UTF-8"?>
<!-- Generated by org.testng.reporters.JUnitXMLReporter -->
<testsuite hostname="LAPTOP-13LQO7QE" ignored="0" name="Hard vs Soft Assert Test" tests="2" failures="2" timestamp="2020-06-17T10:17:20 IST" time="0.028" errors="0">
  <testcase name="HardAssertionLogic" time="0.005" classname="testnglearning_youtubechannel.HardAssert_vs_SoftAssert">
    <failure type="java.lang.AssertionError" message="expected [true] but found [false]">
      <![CDATA[java.lang.AssertionError: expected [true] but found [false]
at testnglearning_youtubechannel.HardAssert_vs_SoftAssert.HardAssertionLogic(HardAssert_vs_SoftAssert.java:16)
at java.util.ArrayList.forEach(Unknown Source)
... Removed 31 stack frames]]>
    </failure>
  </testcase> <!-- HardAssertionLogic -->
  <testcase name="SoftAssertionLogic" time="0.014" classname="testnglearning_youtubechannel.HardAssert_vs_SoftAssert">
    <failure type="java.lang.AssertionError" message="The following asserts failed:
	expected [true] but found [false],
	Not equal expected [false] but found [true]">
      <![CDATA[java.lang.AssertionError: The following asserts failed:
expected [true] but found [false],
Not equal expected [false] but found [true]
at testnglearning_youtubechannel.HardAssert_vs_SoftAssert.SoftAssertionLogic(HardAssert_vs_SoftAssert.java:38)
at java.util.ArrayList.forEach(Unknown Source)
... Removed 29 stack frames]]>
    </failure>
  </testcase> <!-- SoftAssertionLogic -->
</testsuite> <!-- Hard vs Soft Assert Test -->
