<?xml version="1.0" encoding="UTF-8"?>
<!-- Generated by org.testng.reporters.JUnitXMLReporter -->
<testsuite hostname="LAPTOP-13LQO7QE" ignored="0" name="ITestContext Test" tests="3" failures="0" timestamp="2020-06-17T10:17:20 IST" time="0.016" errors="0">
  <testcase name="SwitchON" time="0.001" classname="testnglearning_youtubechannel.ITestContext_Learning"/>
  <testcase name="Operating" time="0.001" classname="testnglearning_youtubechannel.ITestContext_Learning"/>
  <testcase name="SwitchOff" time="0.001" classname="testnglearning_youtubechannel.ITestContext_Learning"/>
</testsuite> <!-- ITestContext Test -->
