<?xml version="1.0" encoding="UTF-8"?>
<!-- Generated by org.testng.reporters.JUnitXMLReporter -->
<testsuite hostname="LAPTOP-13LQO7QE" ignored="0" name="TestNG Individual2 Test" tests="4" failures="0" timestamp="2020-09-22T06:45:39 IST" time="0.054" errors="0">
  <testcase name="launchUrl" time="0.003" classname="taditseleniumbatch.TestNG_Concepts"/>
  <testcase name="loginCredentials" time="0.002" classname="taditseleniumbatch.TestNG_Concepts"/>
  <testcase name="homepageValidation" time="0.008" classname="taditseleniumbatch.TestNG_Concepts"/>
  <testcase name="logOut" time="0.004" classname="taditseleniumbatch.TestNG_Concepts"/>
</testsuite> <!-- TestNG Individual2 Test -->
