<?xml version="1.0" encoding="UTF-8"?>
<!-- Generated by org.testng.reporters.JUnitXMLReporter -->
<testsuite hostname="LAPTOP-13LQO7QE" ignored="0" name="TADIT Batch 2 Test" tests="5" failures="0" timestamp="2020-12-30T07:43:54 IST" time="54.724" errors="0">
  <testcase name="launchURL" time="21.737" classname="taditseleniumbatch2.A"/>
  <testcase name="launchURL" time="10.196" classname="taditseleniumbatch2.A"/>
  <testcase name="loginPage" time="10.533" classname="taditseleniumbatch2.B"/>
  <testcase name="launchURL" time="11.669" classname="taditseleniumbatch2.A"/>
  <testcase name="tearDown" time="0.495" classname="taditseleniumbatch2.C"/>
</testsuite> <!-- TADIT Batch 2 Test -->
