<?xml version="1.0" encoding="UTF-8"?>
<!-- Generated by org.testng.reporters.JUnitXMLReporter -->
<testsuite hostname="LAPTOP-13LQO7QE" ignored="0" name="BM T AM combination Test" tests="2" failures="0" timestamp="2020-06-17T10:02:42 IST" time="0.01" errors="0">
  <testcase name="UserLogin" time="0.001" classname="testnglearning_youtubechannel.Hindi_BM_T_AM"/>
  <testcase name="UserMoneyControl" time="0.001" classname="testnglearning_youtubechannel.Hindi_BM_T_AM"/>
</testsuite> <!-- BM T AM combination Test -->
