<?xml version="1.0" encoding="UTF-8"?>
<!-- Generated by org.testng.reporters.JUnitXMLReporter -->
<testsuite hostname="LAPTOP-13LQO7QE" ignored="0" name="DataProvider Test" tests="3" failures="0" timestamp="2020-06-17T10:02:42 IST" time="0.014" errors="0">
  <testcase name="DataMatrix" time="0.002" classname="testnglearning_youtubechannel.Hindi_DataProvider"/>
  <testcase name="DataMatrix" time="0.001" classname="testnglearning_youtubechannel.Hindi_DataProvider"/>
  <testcase name="DataMatrix" time="0.001" classname="testnglearning_youtubechannel.Hindi_DataProvider"/>
</testsuite> <!-- DataProvider Test -->
