<?xml version="1.0" encoding="UTF-8"?>
<!-- Generated by org.testng.reporters.JUnitXMLReporter -->
<testsuite hostname="LAPTOP-13LQO7QE" ignored="0" name="Dependencies Test" tests="3" failures="1" timestamp="2020-06-17T10:02:57 IST" time="14.845" errors="0">
  <testcase name="LandingPage" time="0.014" classname="testnglearning_youtubechannel.Hindi_Dependencies">
    <failure type="java.lang.AssertionError" message="Deliberately Failing">
      <![CDATA[java.lang.AssertionError: Deliberately Failing
at testnglearning_youtubechannel.Hindi_Dependencies.LandingPage(Hindi_Dependencies.java:36)
at java.util.ArrayList.forEach(Unknown Source)
... Removed 28 stack frames]]>
    </failure>
  </testcase> <!-- LandingPage -->
  <testcase name="Calculator" time="0.0" classname="testnglearning_youtubechannel.Hindi_Dependencies">
    <skipped/>
  </testcase> <!-- Calculator -->
  <testcase name="ReturntoHomePage" time="0.0" classname="testnglearning_youtubechannel.Hindi_Dependencies">
    <skipped/>
  </testcase> <!-- ReturntoHomePage -->
</testsuite> <!-- Dependencies Test -->
