<?xml version="1.0" encoding="UTF-8"?>
<!-- Generated by org.testng.reporters.JUnitXMLReporter -->
<testsuite hostname="LAPTOP-13LQO7QE" ignored="0" name="HA vs SA  Test" tests="2" failures="2" timestamp="2020-06-17T10:02:57 IST" time="0.008" errors="0">
  <testcase name="HardAssertLogic" time="0.001" classname="testnglearning_youtubechannel.Hindi_HardAssert_vs_SoftAssert">
    <failure type="java.lang.AssertionError" message="expected [true] but found [false]">
      <![CDATA[java.lang.AssertionError: expected [true] but found [false]
at testnglearning_youtubechannel.Hindi_HardAssert_vs_SoftAssert.HardAssertLogic(Hindi_HardAssert_vs_SoftAssert.java:15)
at java.util.ArrayList.forEach(Unknown Source)
... Removed 31 stack frames]]>
    </failure>
  </testcase> <!-- HardAssertLogic -->
  <testcase name="SoftAssertLogic" time="0.002" classname="testnglearning_youtubechannel.Hindi_HardAssert_vs_SoftAssert">
    <failure type="java.lang.AssertionError" message="The following asserts failed:
	expected [true] but found [false]">
      <![CDATA[java.lang.AssertionError: The following asserts failed:
expected [true] but found [false]
at testnglearning_youtubechannel.Hindi_HardAssert_vs_SoftAssert.SoftAssertLogic(Hindi_HardAssert_vs_SoftAssert.java:34)
at java.util.ArrayList.forEach(Unknown Source)
... Removed 29 stack frames]]>
    </failure>
  </testcase> <!-- SoftAssertLogic -->
</testsuite> <!-- HA vs SA  Test -->
