<?xml version="1.0" encoding="UTF-8"?>
<!-- Generated by org.testng.reporters.JUnitXMLReporter -->
<testsuite hostname="LAPTOP-13LQO7QE" ignored="1" name="HardAssert Test" tests="2" failures="1" timestamp="2020-06-17T10:02:57 IST" time="0.008" errors="0">
  <testcase name="Critical" time="0.001" classname="testnglearning_youtubechannel.Hindi_Assertions">
    <failure type="java.lang.AssertionError" message="expected [We are learning in English] but found [We are learning in English and Hindi]">
      <![CDATA[java.lang.AssertionError: expected [We are learning in English] but found [We are learning in English and Hindi]
at testnglearning_youtubechannel.Hindi_Assertions.Critical(Hindi_Assertions.java:13)
at java.util.ArrayList.forEach(Unknown Source)
... Removed 32 stack frames]]>
    </failure>
  </testcase> <!-- Critical -->
  <testcase name="Medium" time="0.002" classname="testnglearning_youtubechannel.Hindi_Assertions"/>
  <testcase name="High" time="0.0" classname="testnglearning_youtubechannel.Hindi_Assertions">
    <ignored/>
  </testcase> <!-- High -->
</testsuite> <!-- HardAssert Test -->
