<?xml version="1.0" encoding="UTF-8"?>
<!-- Generated by org.testng.reporters.JUnitXMLReporter -->
<testsuite hostname="LAPTOP-13LQO7QE" ignored="0" name="Hindi ITestContext" tests="3" failures="0" timestamp="2020-06-17T10:02:42 IST" time="0.09" errors="0">
  <testcase name="setUp" time="0.014" classname="testnglearning_youtubechannel.Hindi_ITestContext"/>
  <testcase name="Logic" time="0.002" classname="testnglearning_youtubechannel.Hindi_ITestContext"/>
  <testcase name="exit" time="0.002" classname="testnglearning_youtubechannel.Hindi_ITestContext"/>
</testsuite> <!-- Hindi ITestContext -->
