<?xml version="1.0" encoding="UTF-8"?>
<!-- Generated by org.testng.reporters.JUnitXMLReporter -->
<testsuite hostname="LAPTOP-13LQO7QE" ignored="2" name="Priority Enabled Test" tests="4" failures="0" timestamp="2020-06-17T10:02:42 IST" time="0.014" errors="0">
  <testcase name="registerUser" time="0.001" classname="testnglearning_youtubechannel.Hindi_Priority_Enabled"/>
  <testcase name="ValidLoginCredentials" time="0.001" classname="testnglearning_youtubechannel.Hindi_Priority_Enabled"/>
  <testcase name="HomePage" time="0.001" classname="testnglearning_youtubechannel.Hindi_Priority_Enabled"/>
  <testcase name="LogOut" time="0.001" classname="testnglearning_youtubechannel.Hindi_Priority_Enabled"/>
  <testcase name="AddBeneficiary" time="0.0" classname="testnglearning_youtubechannel.Hindi_Priority_Enabled">
    <ignored/>
  </testcase> <!-- AddBeneficiary -->
  <testcase name="validatingBeneficiary" time="0.0" classname="testnglearning_youtubechannel.Hindi_Priority_Enabled">
    <ignored/>
  </testcase> <!-- validatingBeneficiary -->
</testsuite> <!-- Priority Enabled Test -->
