<?xml version="1.0" encoding="UTF-8"?>
<testng-results skipped="0" failed="0" ignored="1" total="3" passed="2">
  <reporter-output>
  </reporter-output>
  <suite name="Default suite" duration-ms="102" started-at="2021-06-09T23:30:11 IST" finished-at="2021-06-09T23:30:11 IST">
    <groups>
    </groups>
    <test name="Default test" duration-ms="102" started-at="2021-06-09T23:30:11 IST" finished-at="2021-06-09T23:30:11 IST">
      <class name="Discussion_TestNG">
        <test-method status="PASS" signature="test()[pri:0, instance:Discussion_TestNG@4923ab24]" name="test" duration-ms="13" started-at="2021-06-09T23:30:11 IST" finished-at="2021-06-09T23:30:11 IST">
          <reporter-output>
          </reporter-output>
        </test-method> <!-- test -->
        <test-method status="PASS" signature="test2()[pri:0, instance:Discussion_TestNG@4923ab24]" name="test2" duration-ms="1" started-at="2021-06-09T23:30:11 IST" finished-at="2021-06-09T23:30:11 IST">
          <reporter-output>
          </reporter-output>
        </test-method> <!-- test2 -->
      </class> <!-- Discussion_TestNG -->
    </test> <!-- Default test -->
  </suite> <!-- Default suite -->
</testng-results>
